rst:0x1 (POWERON_RESET),boot:0x13 (SPI_FAST_FLASH_BOOT)
configsip: 0, SPIWP:0xee
clk_drv:0x00,q_drv:0x00,d_drv:0x00,cs0_drv:0x00,hd_drv:0x00,wp_drv:0x00
mode:DIO, clock div:2
load:0x3fff0030,len:1184
load:0x40078000,len:13192
load:0x40080400,len:3028
entry 0x400805e4
Initialization of the sensor returned: All is well.
Hold sensor still for gyro offset calibration ...
Gyro offsets x, y, z: -86.5, 117.2, 38.3, 
Turn sensor SLOWLY and STEADILY in all directions until done
Starting...
RAW. Acc [ -02088,  03568,  15928 ], Gyr [  06803,  02019,  01128 ], Mag [  00131,  00131,  00073 ], Tmp [  04368 ]
RAW. Acc [ -02408,  06632,  15224 ], Gyr [  05396,  04307, -00509 ], Mag [  00186,  00120,  00079 ], Tmp [  04368 ]
RAW. Acc [ -04464,  09592,  12416 ], Gyr [  09592,  06689,  00032 ], Mag [  00219,  00142,  00073 ], Tmp [  04320 ]
RAW. Acc [ -05784,  12784,  08992 ], Gyr [  04950,  05833, -04213 ], Mag [  00260,  00128,  00046 ], Tmp [  04320 ]
RAW. Acc [ -06224,  13720,  06176 ], Gyr [  09334, -00350,  03688 ], Mag [  00278,  00137,  00047 ], Tmp [  04288 ]
RAW. Acc [ -04472,  15440,  01128 ], Gyr [  08844,  01843,  04464 ], Mag [  00264,  00166,  00004 ], Tmp [  04240 ]
RAW. Acc [ -01440,  13088, -02672 ], Gyr [  08458,  03728, -04962 ], Mag [  00241,  00180, -00013 ], Tmp [  04304 ]
RAW. Acc [ -05064,  15344, -05264 ], Gyr [  06301,  00806, -04504 ], Mag [  00252,  00130, -00038 ], Tmp [  04256 ]
RAW. Acc [ -06176,  12224, -07200 ], Gyr [  05437,  01625, -01296 ], Mag [  00251,  00085, -00054 ], Tmp [  04256 ]
RAW. Acc [ -04376,  12640, -10016 ], Gyr [  01743,  08576,  03760 ], Mag [  00231,  00101, -00090 ], Tmp [  04192 ]
RAW. Acc [ -00792,  10224, -11192 ], Gyr [ -02512,  00015,  02057 ], Mag [  00206,  00107, -00125 ], Tmp [  04192 ]
RAW. Acc [  02080,  09592, -13728 ], Gyr [  12330,  06223,  12024 ], Mag [  00185,  00119, -00144 ], Tmp [  04224 ]
RAW. Acc [  04640,  05488, -12904 ], Gyr [  11073,  05160,  08393 ], Mag [  00138,  00093, -00163 ], Tmp [  04288 ]
RAW. Acc [  08024,  00632, -14488 ], Gyr [  06793,  03655,  03430 ], Mag [  00101,  00042, -00170 ], Tmp [  04240 ]
RAW. Acc [  09696, -04288, -11720 ], Gyr [  16722,  08966,  07668 ], Mag [  00056, -00023, -00185 ], Tmp [  04240 ]
RAW. Acc [  11680, -07664, -09680 ], Gyr [  05436,  04414,  00425 ], Mag [  00029, -00061, -00164 ], Tmp [  04144 ]
RAW. Acc [  12360, -10536, -05320 ], Gyr [  08387,  07268, -01900 ], Mag [ -00007, -00125, -00121 ], Tmp [  04144 ]
RAW. Acc [  13648, -10128, -00552 ], Gyr [  07711,  07118, -01042 ], Mag [ -00042, -00155, -00071 ], Tmp [  04176 ]
RAW. Acc [  14864, -10008,  02104 ], Gyr [ -06763, -03510, -05762 ], Mag [ -00062, -00157, -00020 ], Tmp [  04176 ]
RAW. Acc [  15184, -07064, -00312 ], Gyr [ -03987, -03774, -01956 ], Mag [ -00082, -00149, -00064 ], Tmp [  04176 ]
RAW. Acc [  16184, -05536, -01392 ], Gyr [  01327, -01904, -00982 ], Mag [ -00078, -00112, -00094 ], Tmp [  04176 ]
RAW. Acc [  14112, -05016, -03792 ], Gyr [ -02826, -06460, -03421 ], Mag [ -00072, -00096, -00107 ], Tmp [  04112 ]
RAW. Acc [  13568, -03928, -07584 ], Gyr [ -01395, -08583, -05253 ], Mag [ -00039, -00084, -00135 ], Tmp [  04192 ]
RAW. Acc [  11608, -00560, -11312 ], Gyr [ -03688, -07941, -04675 ], Mag [ -00008, -00049, -00168 ], Tmp [  04224 ]
RAW. Acc [  09608,  02984, -13160 ], Gyr [ -04275, -04863, -02020 ], Mag [  00034, -00007, -00184 ], Tmp [  04224 ]
RAW. Acc [  05728,  07504, -12392 ], Gyr [ -16156, -11151, -06601 ], Mag [  00069,  00052, -00178 ], Tmp [  04192 ]
RAW. Acc [  01904,  12784, -10296 ], Gyr [ -13461, -06859, -05859 ], Mag [  00121,  00116, -00141 ], Tmp [  04112 ]
RAW. Acc [ -02576,  15464, -04056 ], Gyr [ -15490, -05492, -06873 ], Mag [  00182,  00162, -00076 ], Tmp [  04048 ]
RAW. Acc [ -04480,  14800,  01960 ], Gyr [ -06308, -02170, -02247 ], Mag [  00222,  00172, -00008 ], Tmp [  04192 ]
RAW. Acc [ -06272,  14888,  05280 ], Gyr [ -10298, -03740, -04852 ], Mag [  00225,  00174,  00012 ], Tmp [  04240 ]
RAW. Acc [ -07560,  10528,  09504 ], Gyr [ -07478, -02253, -05624 ], Mag [  00251,  00124,  00066 ], Tmp [  04256 ]
RAW. Acc [ -07824,  07192,  12128 ], Gyr [ -06205, -02130, -01997 ], Mag [  00251,  00090,  00110 ], Tmp [  04144 ]
RAW. Acc [ -06688,  05496,  13320 ], Gyr [ -07755, -03066, -02575 ], Mag [  00253,  00075,  00129 ], Tmp [  04192 ]
RAW. Acc [ -06416,  03392,  15000 ], Gyr [ -04985, -00598, -01036 ], Mag [  00250,  00053,  00140 ], Tmp [  04144 ]
RAW. Acc [ -06864,  01160,  15792 ], Gyr [  07559, -00673,  10513 ], Mag [  00239,  00039,  00148 ], Tmp [  04144 ]
RAW. Acc [ -03696,  09920,  12008 ], Gyr [  18466,  01396,  17352 ], Mag [  00215,  00171,  00133 ], Tmp [  04176 ]
RAW. Acc [  01128,  15024,  06944 ], Gyr [  21363,  08008,  22011 ], Mag [  00152,  00258,  00062 ], Tmp [  04144 ]
RAW. Acc [  09248,  11992,  01712 ], Gyr [  23340,  10771,  21371 ], Mag [  00004,  00246, -00067 ], Tmp [  04224 ]
RAW. Acc [  13936,  08664, -01144 ], Gyr [  17272,  10520,  13745 ], Mag [ -00104,  00126, -00112 ], Tmp [  04192 ]
RAW. Acc [  15512,  03272,  00184 ], Gyr [  21040,  10663,  12428 ], Mag [ -00154,  00002, -00075 ], Tmp [  04192 ]
RAW. Acc [  15752,  01920,  04448 ], Gyr [  14182,  09770,  04930 ], Mag [ -00169, -00094,  00012 ], Tmp [  04176 ]
RAW. Acc [  15280,  02960,  04992 ], Gyr [  15960,  08572,  02483 ], Mag [ -00154, -00107,  00111 ], Tmp [  04064 ]
RAW. Acc [  13544,  01784,  08584 ], Gyr [  11253,  05384,  01432 ], Mag [ -00134, -00079,  00188 ], Tmp [  04176 ]
RAW. Acc [  14048,  03208,  09232 ], Gyr [  00314,  03138,  01105 ], Mag [ -00116, -00065,  00221 ], Tmp [  04192 ]
RAW. Acc [  12040,  04480,  09016 ], Gyr [ -02779,  02366,  01714 ], Mag [ -00088, -00064,  00249 ], Tmp [  04144 ]
RAW. Acc [  16816, -03936,  07152 ], Gyr [ -20656, -06250,  03918 ], Mag [ -00090, -00117,  00213 ], Tmp [  04192 ]
RAW. Acc [  14176, -03496,  06536 ], Gyr [ -17560, -09072, -00880 ], Mag [ -00084, -00175,  00105 ], Tmp [  04192 ]
RAW. Acc [  18016, -05280, -03072 ], Gyr [ -08308, -10705,  01335 ], Mag [ -00100, -00148, -00038 ], Tmp [  04112 ]
RAW. Acc [  12832, -02688, -03936 ], Gyr [  01560, -04491,  02586 ], Mag [ -00065, -00124, -00085 ], Tmp [  04176 ]
RAW. Acc [  10808,  00664, -11216 ], Gyr [ -20736, -17915, -11011 ], Mag [ -00008, -00075, -00158 ], Tmp [  04176 ]
RAW. Acc [  06320,  06208, -13728 ], Gyr [ -19421, -13263, -03858 ], Mag [  00074,  00055, -00190 ], Tmp [  04192 ]
RAW. Acc [  01032,  12744, -09952 ], Gyr [ -04827, -04534, -01081 ], Mag [  00148,  00129, -00134 ], Tmp [  04224 ]
RAW. Acc [ -01288,  14064, -06824 ], Gyr [ -07272, -04146, -03989 ], Mag [  00166,  00146, -00096 ], Tmp [  04112 ]
RAW. Acc [ -01816,  14936, -06280 ], Gyr [ -01729, -01514, -02134 ], Mag [  00202,  00167, -00071 ], Tmp [  04224 ]
RAW. Acc [ -03480,  14640, -03272 ], Gyr [ -05453, -02551, -03461 ], Mag [  00214,  00160, -00042 ], Tmp [  04192 ]
RAW. Acc [ -04976,  14976, -02176 ], Gyr [ -01584, -01151, -02160 ], Mag [  00226,  00144, -00030 ], Tmp [  04192 ]
RAW. Acc [ -06616,  14928,  00024 ], Gyr [ -06090, -01188, -04131 ], Mag [  00233,  00148, -00012 ], Tmp [  04256 ]
RAW. Acc [ -06848,  14064,  01264 ], Gyr [ -08536, -01045, -03708 ], Mag [  00240,  00133,  00009 ], Tmp [  04144 ]
RAW. Acc [ -08192,  12456,  05152 ], Gyr [ -02475,  01201, -01064 ], Mag [  00247,  00130,  00016 ], Tmp [  04192 ]
RAW. Acc [ -09224,  11336,  06504 ], Gyr [ -05540,  01490, -01096 ], Mag [  00266,  00106,  00027 ], Tmp [  04224 ]
RAW. Acc [ -09440,  08056,  08352 ], Gyr [ -08255, -00113, -01050 ], Mag [  00258,  00096,  00054 ], Tmp [  04144 ]
RAW. Acc [ -10352,  07320,  09360 ], Gyr [ -08287,  00175, -02897 ], Mag [  00266,  00080,  00049 ], Tmp [  04224 ]
RAW. Acc [ -12440,  02200,  11256 ], Gyr [ -06143,  02339, -04195 ], Mag [  00272,  00058,  00058 ], Tmp [  04176 ]
RAW. Acc [ -13168,  01952,  11256 ], Gyr [ -01141, -01477,  00771 ], Mag [  00267,  00048,  00048 ], Tmp [  04224 ]
RAW. Acc [ -11760, -02976,  10856 ], Gyr [ -06647,  01954, -01418 ], Mag [  00264,  00030,  00036 ], Tmp [  04240 ]
RAW. Acc [ -19672,  00728,  16680 ], Gyr [ -09554, -02161, -06325 ], Mag [  00269,  00030,  00041 ], Tmp [  04304 ]
RAW. Acc [ -12504, -02344,  10472 ], Gyr [ -02894,  01669, -02161 ], Mag [  00264,  00035,  00043 ], Tmp [  04192 ]
RAW. Acc [ -12968, -03696,  10200 ], Gyr [ -06059,  07841, -01105 ], Mag [  00263,  00034,  00030 ], Tmp [  04112 ]
RAW. Acc [ -11976, -05192,  07672 ], Gyr [ -15611, -02509, -03970 ], Mag [  00272,  00030,  00036 ], Tmp [  04240 ]
RAW. Acc [ -12336, -08464,  08200 ], Gyr [ -03839, -00338,  01465 ], Mag [  00263,  00019,  00044 ], Tmp [  04240 ]
RAW. Acc [ -11176, -10752,  06384 ], Gyr [ -10256, -00465, -03918 ], Mag [  00273,  00016,  00039 ], Tmp [  04256 ]
RAW. Acc [ -10600, -11376,  05320 ], Gyr [ -04286, -02735, -01581 ], Mag [  00266,  00006,  00064 ], Tmp [  04240 ]
RAW. Acc [ -09128, -13120,  03344 ], Gyr [ -05332, -04239, -02243 ], Mag [  00268, -00008,  00069 ], Tmp [  04176 ]
RAW. Acc [ -08344, -14976,  02904 ], Gyr [ -09029, -02981, -04172 ], Mag [  00260, -00038,  00077 ], Tmp [  04304 ]
RAW. Acc [ -05608, -15512, -01200 ], Gyr [ -07686, -00627, -07040 ], Mag [  00237, -00074,  00067 ], Tmp [  04224 ]
RAW. Acc [ -01888, -16368, -03544 ], Gyr [ -04994,  00422, -07223 ], Mag [  00217, -00121,  00044 ], Tmp [  04224 ]
RAW. Acc [  01480, -15688, -06064 ], Gyr [ -07054,  02121, -07051 ], Mag [  00183, -00151,  00031 ], Tmp [  04304 ]
RAW. Acc [  02280, -14304, -05784 ], Gyr [ -06775,  04222, -03680 ], Mag [  00150, -00162, -00015 ], Tmp [  04144 ]
RAW. Acc [  03576, -17216, -06600 ], Gyr [  04326,  08301,  14932 ], Mag [  00150, -00142, -00056 ], Tmp [  04256 ]
RAW. Acc [  01584, -14736, -07320 ], Gyr [ -04901,  05968,  08552 ], Mag [  00172, -00090, -00090 ], Tmp [  04256 ]
RAW. Acc [ -02816, -14904, -07528 ], Gyr [ -03132,  04714,  11149 ], Mag [  00180, -00026, -00107 ], Tmp [  04288 ]
RAW. Acc [ -04872, -12528, -10360 ], Gyr [ -01956,  05130,  12902 ], Mag [  00174,  00015, -00130 ], Tmp [  04304 ]
RAW. Acc [ -07128, -08808, -11312 ], Gyr [  00041,  07160,  14195 ], Mag [  00130,  00076, -00159 ], Tmp [  04192 ]
RAW. Acc [ -08688, -06584, -11696 ], Gyr [  00639,  09159,  15007 ], Mag [  00057,  00098, -00161 ], Tmp [  04192 ]
RAW. Acc [ -05776, -02296, -14200 ], Gyr [ -01201,  09935,  11245 ], Mag [ -00017,  00107, -00167 ], Tmp [  04192 ]
RAW. Acc [ -01920, -01448, -16256 ], Gyr [  00684,  06943,  08199 ], Mag [ -00083,  00089, -00138 ], Tmp [  04400 ]
RAW. Acc [ -01056, -00896, -16088 ], Gyr [ -00100,  04615,  06372 ], Mag [ -00104,  00057, -00119 ], Tmp [  04304 ]
RAW. Acc [  01920, -01776, -16624 ], Gyr [  00234,  05072,  06185 ], Mag [ -00143,  00037, -00098 ], Tmp [  04256 ]
RAW. Acc [  02656, -01448, -16456 ], Gyr [  00326,  01516,  05847 ], Mag [ -00154,  00005, -00082 ], Tmp [  04192 ]
RAW. Acc [  02608, -01880, -17376 ], Gyr [ -01933, -02291,  02162 ], Mag [ -00142, -00012, -00079 ], Tmp [  04304 ]
RAW. Acc [  02832, -02040, -17016 ], Gyr [ -03883, -01768,  01511 ], Mag [ -00131, -00037, -00098 ], Tmp [  04304 ]
RAW. Acc [  00600, -00936, -16608 ], Gyr [ -04630, -01391, -00698 ], Mag [ -00110, -00048, -00106 ], Tmp [  04304 ]
RAW. Acc [  00200, -00408, -16320 ], Gyr [  00850, -00062,  03954 ], Mag [ -00109, -00052, -00105 ], Tmp [  04240 ]
RAW. Acc [ -00048,  00040, -16200 ], Gyr [ -01763, -01079, -05055 ], Mag [ -00117, -00056, -00106 ], Tmp [  04192 ]
RAW. Acc [  00976, -02192, -16056 ], Gyr [ -01927,  01708, -02540 ], Mag [ -00130, -00048, -00099 ], Tmp [  04192 ]
RAW. Acc [  01312, -00672, -16512 ], Gyr [ -01614,  01209,  07756 ], Mag [ -00114, -00049, -00093 ], Tmp [  04320 ]
RAW. Acc [  01120, -00328, -16296 ], Gyr [ -01612, -00397,  07660 ], Mag [ -00112, -00061, -00106 ], Tmp [  04304 ]
RAW. Acc [  03064,  00784, -15992 ], Gyr [ -04265,  05547,  13800 ], Mag [ -00093, -00084, -00096 ], Tmp [  04304 ]
RAW. Acc [  06560,  01360, -15064 ], Gyr [ -06045,  10969,  08835 ], Mag [ -00091, -00101, -00102 ], Tmp [  04288 ]
RAW. Acc [  09848,  02464, -12704 ], Gyr [ -05350,  08431,  04459 ], Mag [ -00110, -00094, -00077 ], Tmp [  04224 ]
RAW. Acc [  12064,  02752, -10408 ], Gyr [ -02214,  05888, -00027 ], Mag [ -00121, -00085, -00071 ], Tmp [  04256 ]
RAW. Acc [  15256,  03096, -08488 ], Gyr [ -01815,  04019, -02061 ], Mag [ -00143, -00096, -00037 ], Tmp [  04320 ]
RAW. Acc [  14488,  02736, -05864 ], Gyr [ -02169,  05086, -02688 ], Mag [ -00154, -00094, -00019 ], Tmp [  04304 ]
RAW. Acc [  15248,  03536, -03240 ], Gyr [ -03265,  08263,  02125 ], Mag [ -00171, -00082,  00014 ], Tmp [  04256 ]
RAW. Acc [  14664,  04328,  00504 ], Gyr [ -00112,  10265,  01462 ], Mag [ -00170, -00083,  00064 ], Tmp [  04288 ]
RAW. Acc [  16152,  03368,  06272 ], Gyr [  01433,  09830, -02108 ], Mag [ -00179, -00087,  00104 ], Tmp [  04256 ]
RAW. Acc [  12512,  04344,  08952 ], Gyr [  01966,  12649,  02674 ], Mag [ -00147, -00079,  00167 ], Tmp [  04320 ]
RAW. Acc [  10432,  06928,  10584 ], Gyr [  01873,  10122, -03381 ], Mag [ -00100, -00082,  00227 ], Tmp [  04288 ]
RAW. Acc [  03936,  04392,  14904 ], Gyr [ -00436,  13199,  05203 ], Mag [ -00034, -00074,  00247 ], Tmp [  04224 ]
RAW. Acc [  02496,  05512,  15008 ], Gyr [ -01332,  07627, -10901 ], Mag [  00002, -00082,  00276 ], Tmp [  04304 ]
RAW. Acc [ -01312,  03544,  15592 ], Gyr [ -03903,  05594,  06624 ], Mag [  00028, -00098,  00270 ], Tmp [  04304 ]
RAW. Acc [ -03992,  02344,  16488 ], Gyr [  00711,  04105,  00459 ], Mag [  00071, -00105,  00249 ], Tmp [  04320 ]
RAW. Acc [ -03760,  02888,  15184 ], Gyr [ -00451,  04852,  02050 ], Mag [  00088, -00097,  00244 ], Tmp [  04352 ]
RAW. Acc [ -07832,  02832,  14880 ], Gyr [ -00975,  02239,  01650 ], Mag [  00098, -00094,  00247 ], Tmp [  04240 ]
RAW. Acc [ -06544,  03192,  15096 ], Gyr [ -00652, -06603, -00759 ], Mag [  00079, -00093,  00243 ], Tmp [  04400 ]
RAW. Acc [ -03136,  02400,  15552 ], Gyr [  00162, -05132,  00513 ], Mag [  00049, -00097,  00251 ], Tmp [  04368 ]
RAW. Acc [ -00408,  02528,  16760 ], Gyr [  00101, -06184, -00385 ], Mag [  00012, -00097,  00237 ], Tmp [  04304 ]
RAW. Acc [  03104,  01896,  16216 ], Gyr [  00658, -09423,  00507 ], Mag [ -00038, -00090,  00238 ], Tmp [  04352 ]
RAW. Acc [  06856,  01160,  14744 ], Gyr [ -02333, -09545,  00051 ], Mag [ -00082, -00103,  00221 ], Tmp [  04240 ]
RAW. Acc [  10368, -00520,  10264 ], Gyr [ -07342, -09099, -04449 ], Mag [ -00130, -00110,  00167 ], Tmp [  04400 ]
RAW. Acc [  14216,  01024,  07240 ], Gyr [ -06461, -16313, -04650 ], Mag [ -00161, -00117,  00099 ], Tmp [  04352 ]
RAW. Acc [  16664,  03384, -00048 ], Gyr [ -06095, -15996, -02948 ], Mag [ -00175, -00085, -00015 ], Tmp [  04368 ]
RAW. Acc [  15608,  04504, -05576 ], Gyr [ -06853, -12269, -05746 ], Mag [ -00123, -00039, -00115 ], Tmp [  04352 ]
RAW. Acc [  12632,  08792, -08472 ], Gyr [ -11210, -15360, -13983 ], Mag [ -00063,  00051, -00174 ], Tmp [  04288 ]
RAW. Acc [  03000,  14792, -07856 ], Gyr [ -06138, -07671, -09675 ], Mag [  00002,  00110, -00174 ], Tmp [  04368 ]
RAW. Acc [ -03920,  15680, -04360 ], Gyr [ -05650, -06075, -07513 ], Mag [  00111,  00149, -00136 ], Tmp [  04432 ]
RAW. Acc [ -06832,  13152,  00368 ], Gyr [ -10622, -03898, -02921 ], Mag [  00168,  00165, -00095 ], Tmp [  04320 ]
RAW. Acc [ -09304,  12432,  04576 ], Gyr [ -09338, -02551, -06135 ], Mag [  00193,  00176, -00038 ], Tmp [  04432 ]
RAW. Acc [ -09648,  11536,  07376 ], Gyr [ -06598,  00033, -03053 ], Mag [  00228,  00169, -00004 ], Tmp [  04288 ]
RAW. Acc [ -11224,  06904,  08912 ], Gyr [ -03727, -02787, -01835 ], Mag [  00239,  00162,  00018 ], Tmp [  04400 ]
RAW. Acc [ -11304,  02440,  11152 ], Gyr [ -06680, -00682, -06217 ], Mag [  00251,  00134,  00056 ], Tmp [  04368 ]
RAW. Acc [ -12464, -02456,  11736 ], Gyr [ -08362,  05343, -08461 ], Mag [  00260,  00102,  00070 ], Tmp [  04304 ]
RAW. Acc [ -11432, -03272,  11880 ], Gyr [ -03674, -00280, -02367 ], Mag [  00262,  00076,  00082 ], Tmp [  04432 ]
RAW. Acc [ -09936, -05816,  13024 ], Gyr [ -10717, -03939, -04140 ], Mag [  00268,  00029,  00107 ], Tmp [  04400 ]
RAW. Acc [ -06048, -12928,  08696 ], Gyr [ -13402, -05095, -06615 ], Mag [  00256, -00032,  00124 ], Tmp [  04416 ]
RAW. Acc [ -02840, -15192,  04608 ], Gyr [ -13614, -04636, -06784 ], Mag [  00223, -00092,  00118 ], Tmp [  04432 ]
RAW. Acc [  01392, -16864, -01160 ], Gyr [ -16761, -01888, -09128 ], Mag [  00191, -00143,  00087 ], Tmp [  04432 ]
RAW. Acc [  03936, -15168, -06304 ], Gyr [ -11192,  02932, -06926 ], Mag [  00152, -00161,  00019 ], Tmp [  04368 ]
RAW. Acc [  07232, -13664, -07816 ], Gyr [ -04701,  04213, -05772 ], Mag [  00099, -00175, -00020 ], Tmp [  04320 ]
RAW. Acc [  09488, -11544, -09448 ], Gyr [ -12204,  02799, -08110 ], Mag [  00076, -00158, -00058 ], Tmp [  04400 ]
RAW. Acc [  10096, -08224, -07952 ], Gyr [ -03532,  05240,  00936 ], Mag [  00039, -00138, -00089 ], Tmp [  04352 ]
RAW. Acc [  10872, -02920, -13992 ], Gyr [ -03941, -02888, -01790 ], Mag [  00014, -00117, -00121 ], Tmp [  04432 ]
RAW. Acc [  12112, -03960, -09336 ], Gyr [ -01698,  00961,  02213 ], Mag [  00003, -00090, -00146 ], Tmp [  04352 ]
RAW. Acc [  12880, -01928, -09320 ], Gyr [ -03867,  01144, -00509 ], Mag [ -00000, -00064, -00147 ], Tmp [  04320 ]
RAW. Acc [  13056,  00128, -12760 ], Gyr [ -18870,  01801, -00595 ], Mag [ -00004, -00015, -00164 ], Tmp [  04304 ]
RAW. Acc [  11096,  04184, -08840 ], Gyr [ -10052, -06810, -00111 ], Mag [  00029,  00061, -00181 ], Tmp [  04480 ]
RAW. Acc [  09880,  07464, -11624 ], Gyr [ -07262, -05863,  02057 ], Mag [  00062,  00124, -00161 ], Tmp [  04400 ]
RAW. Acc [  07448,  10176, -09728 ], Gyr [ -14389, -07126, -02391 ], Mag [  00095,  00197, -00108 ], Tmp [  04352 ]
RAW. Acc [  05368,  12696, -07656 ], Gyr [ -08650, -04700, -02532 ], Mag [  00133,  00226, -00052 ], Tmp [  04288 ]
RAW. Acc [  03792,  15000, -04832 ], Gyr [ -09311, -03819, -03003 ], Mag [  00157,  00240,  00012 ], Tmp [  04400 ]
RAW. Acc [  01696,  16800, -01632 ], Gyr [ -09986, -04983, -05320 ], Mag [  00180,  00226,  00071 ], Tmp [  04368 ]
RAW. Acc [  00032,  14968,  01096 ], Gyr [ -04673, -04088, -06425 ], Mag [  00207,  00201,  00131 ], Tmp [  04352 ]
RAW. Acc [ -03192,  15392,  02304 ], Gyr [ -02314, -04157, -06809 ], Mag [  00209,  00157,  00156 ], Tmp [  04432 ]
RAW. Acc [ -04688,  14264,  05112 ], Gyr [ -04620, -04910, -04902 ], Mag [  00199,  00129,  00199 ], Tmp [  04368 ]
RAW. Acc [ -05496,  13480,  08416 ], Gyr [ -01275, -03315, -03118 ], Mag [  00198,  00097,  00225 ], Tmp [  04400 ]
RAW. Acc [ -05616,  12856,  08392 ], Gyr [ -02541, -03358, -00830 ], Mag [  00195,  00070,  00238 ], Tmp [  04416 ]
RAW. Acc [ -04936,  11168,  11440 ], Gyr [  01734, -01185, -01066 ], Mag [  00179,  00028,  00251 ], Tmp [  04464 ]
RAW. Acc [ -05832,  09904,  10824 ], Gyr [ -01920, -05128, -01433 ], Mag [  00165,  00008,  00265 ], Tmp [  04496 ]
RAW. Acc [ -04456,  10360,  12824 ], Gyr [  02069, -07119, -03571 ], Mag [  00144,  00020,  00293 ], Tmp [  04352 ]
RAW. Acc [ -02728,  09056,  13664 ], Gyr [ -02607, -08909, -03975 ], Mag [  00104,  00003,  00306 ], Tmp [  04368 ]
RAW. Acc [ -02912,  09352,  13824 ], Gyr [  00975,  00536, -04487 ], Mag [  00077,  00003,  00308 ], Tmp [  04432 ]
RAW. Acc [ -03320,  09312,  12944 ], Gyr [  00356, -02614, -03090 ], Mag [  00049,  00012,  00300 ], Tmp [  04416 ]
RAW. Acc [  00072,  13864,  18136 ], Gyr [ -07034, -07542, -05285 ], Mag [  00022,  00007,  00302 ], Tmp [  04416 ]
RAW. Acc [ -02424,  06760,  14280 ], Gyr [ -03698, -04427, -07909 ], Mag [ -00000, -00012,  00293 ], Tmp [  04400 ]
RAW. Acc [ -02648,  05280,  15312 ], Gyr [ -03389, -05174, -07815 ], Mag [ -00035, -00026,  00282 ], Tmp [  04464 ]
RAW. Acc [ -01120,  02456,  16544 ], Gyr [ -02130, -05827, -11271 ], Mag [ -00082, -00016,  00272 ], Tmp [  04352 ]
RAW. Acc [  01872,  02048,  16376 ], Gyr [ -04303, -06999, -08267 ], Mag [ -00127,  00007,  00232 ], Tmp [  04464 ]
RAW. Acc [  01712,  01648,  15984 ], Gyr [ -02365, -01296, -02282 ], Mag [ -00153,  00014,  00216 ], Tmp [  04368 ]
RAW. Acc [  03768,  00680,  15624 ], Gyr [ -06077, -07700, -05224 ], Mag [ -00157,  00028,  00208 ], Tmp [  04304 ]
RAW. Acc [  06776, -00720,  14896 ], Gyr [ -07051, -04028, -03881 ], Mag [ -00188,  00038,  00167 ], Tmp [  04464 ]
RAW. Acc [  08096, -03784,  14088 ], Gyr [ -08839, -04836, -04085 ], Mag [ -00182,  00042,  00153 ], Tmp [  04432 ]
RAW. Acc [  09248, -06352,  13560 ], Gyr [ -03536,  00469,  01341 ], Mag [ -00207,  00047,  00129 ], Tmp [  04528 ]
RAW. Acc [  10128, -05896,  08152 ], Gyr [ -12949, -07026, -01993 ], Mag [ -00201,  00048,  00089 ], Tmp [  04464 ]
RAW. Acc [  10296, -11440,  09200 ], Gyr [ -06868,  00622,  03983 ], Mag [ -00196,  00017,  00096 ], Tmp [  04352 ]
RAW. Acc [  08240, -12712,  06024 ], Gyr [ -08236,  00355,  06827 ], Mag [ -00197, -00014,  00100 ], Tmp [  04464 ]
RAW. Acc [  06264, -14808,  02912 ], Gyr [ -12923, -04809,  06827 ], Mag [ -00187, -00065,  00081 ], Tmp [  04368 ]
RAW. Acc [  04344, -17904, -01600 ], Gyr [ -07627,  03487,  04042 ], Mag [ -00182, -00096,  00030 ], Tmp [  04464 ]
RAW. Acc [  03560, -15168, -03584 ], Gyr [ -07866, -01578, -02159 ], Mag [ -00168, -00096,  00025 ], Tmp [  04464 ]
RAW. Acc [  05120, -12536, -06824 ], Gyr [ -19178, -04561, -12184 ], Mag [ -00177, -00062,  00018 ], Tmp [  04432 ]
RAW. Acc [  05712, -09728, -09872 ], Gyr [ -13226, -07721, -12606 ], Mag [ -00196, -00015,  00004 ], Tmp [  04400 ]
RAW. Acc [  06520, -08584, -13272 ], Gyr [ -04363, -08405, -01286 ], Mag [ -00182,  00019, -00035 ], Tmp [  04464 ]
RAW. Acc [  03264, -07400, -14208 ], Gyr [ -06111, -08253, -02780 ], Mag [ -00153,  00039, -00085 ], Tmp [  04464 ]
RAW. Acc [ -01720, -04912, -15552 ], Gyr [ -00992, -10154, -00278 ], Mag [ -00107,  00064, -00125 ], Tmp [  04464 ]
RAW. Acc [ -04216, -06128, -15744 ], Gyr [  00756, -08686,  01803 ], Mag [ -00067,  00047, -00170 ], Tmp [  04400 ]
RAW. Acc [ -07384, -06184, -13992 ], Gyr [  01695, -08589,  00590 ], Mag [ -00015,  00039, -00178 ], Tmp [  04432 ]
RAW. Acc [ -10592, -07384, -10024 ], Gyr [  03313, -06954, -01228 ], Mag [  00062,  00016, -00178 ], Tmp [  04432 ]
RAW. Acc [ -12024, -08152, -07712 ], Gyr [  03744, -07275, -01554 ], Mag [  00095, -00005, -00164 ], Tmp [  04464 ]
RAW. Acc [ -12760, -09368, -04688 ], Gyr [  02186, -04510,  00734 ], Mag [  00118, -00029, -00153 ], Tmp [  04464 ]
RAW. Acc [ -13696, -10384, -02208 ], Gyr [  02616, -03594, -01966 ], Mag [  00147, -00046, -00130 ], Tmp [  04368 ]
RAW. Acc [ -12824, -10616,  00184 ], Gyr [  07117, -05380,  00273 ], Mag [  00169, -00076, -00096 ], Tmp [  04480 ]
RAW. Acc [ -10880, -10480,  03136 ], Gyr [  02108, -09330, -06300 ], Mag [  00183, -00102, -00058 ], Tmp [  04480 ]
RAW. Acc [ -09608, -09272,  06872 ], Gyr [  03140, -07164, -00728 ], Mag [  00187, -00126, -00025 ], Tmp [  04528 ]
RAW. Acc [ -05200, -13200,  11216 ], Gyr [ -02158,  01695, -09927 ], Mag [  00160, -00155,  00025 ], Tmp [  04528 ]
RAW. Acc [ -01712, -15040,  07192 ], Gyr [ -11507,  07609, -10582 ], Mag [  00077, -00183, -00020 ], Tmp [  04320 ]
RAW. Acc [  00712, -14696,  02440 ], Gyr [ -08003,  07048, -12941 ], Mag [ -00006, -00180, -00076 ], Tmp [  04480 ]
RAW. Acc [  07248, -14904,  01864 ], Gyr [ -04649,  06232, -11552 ], Mag [ -00082, -00121, -00081 ], Tmp [  04432 ]
RAW. Acc [  12712, -11120,  02320 ], Gyr [ -07747,  15246, -14689 ], Mag [ -00183, -00033, -00043 ], Tmp [  04496 ]
RAW. Acc [  11608, -08896,  09208 ], Gyr [ -04098,  17182, -12463 ], Mag [ -00209,  00049,  00061 ], Tmp [  04368 ]
RAW. Acc [  11640, -05512,  11912 ], Gyr [ -03697,  21460, -12216 ], Mag [ -00153,  00124,  00185 ], Tmp [  04400 ]
RAW. Acc [  02336, -06224,  16448 ], Gyr [ -05584,  12488, -03462 ], Mag [ -00061,  00120,  00263 ], Tmp [  04432 ]
RAW. Acc [ -00952, -08872,  14904 ], Gyr [ -04267,  10922,  00502 ], Mag [  00030,  00106,  00294 ], Tmp [  04480 ]
RAW. Acc [ -05088, -09072,  11416 ], Gyr [ -05447,  13464,  10798 ], Mag [  00085,  00069,  00297 ], Tmp [  04496 ]
RAW. Acc [ -11736, -08072,  09072 ], Gyr [ -04623,  02212,  03010 ], Mag [  00142,  00061,  00285 ], Tmp [  04496 ]
RAW. Acc [ -13104, -08832,  05248 ], Gyr [ -06508,  03763,  02006 ], Mag [  00174,  00048,  00266 ], Tmp [  04432 ]
RAW. Acc [ -15688, -04232,  02008 ], Gyr [ -07132,  01048,  03342 ], Mag [  00199,  00055,  00233 ], Tmp [  04496 ]
RAW. Acc [ -15688, -03608, -01416 ], Gyr [ -02254,  06268,  04722 ], Mag [  00224,  00052,  00207 ], Tmp [  04464 ]
RAW. Acc [ -15080, -02648, -03528 ], Gyr [ -00520,  03487,  02989 ], Mag [  00247,  00087,  00167 ], Tmp [  04464 ]
RAW. Acc [ -15544, -00568, -05920 ], Gyr [ -00085,  04773,  01907 ], Mag [  00251,  00093,  00156 ], Tmp [  04432 ]
RAW. Acc [ -15384, -00744, -06392 ], Gyr [ -00874,  02154,  01483 ], Mag [  00251,  00111,  00141 ], Tmp [  04352 ]
RAW. Acc [ -14272, -00304, -07520 ], Gyr [  00245,  03872, -00299 ], Mag [  00258,  00103,  00117 ], Tmp [  04464 ]
RAW. Acc [ -13024,  00064, -09944 ], Gyr [ -04588,  08087,  00436 ], Mag [  00258,  00101,  00071 ], Tmp [  04464 ]
RAW. Acc [ -10128,  03032, -11648 ], Gyr [ -08795,  06708,  01900 ], Mag [  00274,  00094,  00031 ], Tmp [  04480 ]
RAW. Acc [ -06928,  02712, -16504 ], Gyr [ -06651,  08426, -00097 ], Mag [  00244,  00119, -00015 ], Tmp [  04416 ]
RAW. Acc [ -02688,  06488, -14568 ], Gyr [ -03759,  09818,  01310 ], Mag [  00224,  00137, -00047 ], Tmp [  04432 ]
RAW. Acc [  01072,  07592, -14072 ], Gyr [ -01540,  06722,  02478 ], Mag [  00186,  00158, -00075 ], Tmp [  04496 ]
RAW. Acc [  04040,  08544, -14032 ], Gyr [  00897,  05177,  02069 ], Mag [  00160,  00175, -00093 ], Tmp [  04432 ]
RAW. Acc [  07168,  08936, -11768 ], Gyr [ -03650,  06605,  02956 ], Mag [  00106,  00201, -00100 ], Tmp [  04496 ]
RAW. Acc [  09840,  09248, -10080 ], Gyr [ -02962,  05819,  04687 ], Mag [  00062,  00213, -00095 ], Tmp [  04464 ]
RAW. Acc [  12968,  09936, -04400 ], Gyr [ -11187,  10046,  02278 ], Mag [  00018,  00234, -00061 ], Tmp [  04496 ]
RAW. Acc [  13000,  10392, -01392 ], Gyr [ -07644,  06362, -02675 ], Mag [ -00000,  00509, -00019 ], Tmp [  04416 ]
RAW. Acc [  12512,  12008,  01856 ], Gyr [ -08543, -02700, -04327 ], Mag [  00031,  00271,  00024 ], Tmp [  04432 ]
RAW. Acc [  09960,  13656,  03376 ], Gyr [ -12601, -02713, -07877 ], Mag [  00071,  00276,  00072 ], Tmp [  04432 ]
RAW. Acc [  06952,  12216,  06656 ], Gyr [ -11868, -04088, -07657 ], Mag [  00114,  00247,  00156 ], Tmp [  04416 ]
RAW. Acc [  04904,  10072,  10080 ], Gyr [ -05428, -01821, -06817 ], Mag [  00134,  00215,  00201 ], Tmp [  04528 ]
RAW. Acc [  04608,  11440,  12448 ], Gyr [ -07991, -01161, -07663 ], Mag [  00155,  00152,  00231 ], Tmp [  04528 ]
RAW. Acc [  00408,  06416,  13656 ], Gyr [ -04324,  01280, -11540 ], Mag [  00186,  00082,  00249 ], Tmp [  04480 ]
RAW. Acc [ -03152,  07568,  13656 ], Gyr [  00674,  01697, -11268 ], Mag [  00198,  00035,  00244 ], Tmp [  04496 ]
RAW. Acc [ -06200,  05320,  13768 ], Gyr [  03530,  00788, -16430 ], Mag [  00183, -00025,  00237 ], Tmp [  04464 ]
RAW. Acc [ -08216,  05144,  13096 ], Gyr [  07305, -01161, -18412 ], Mag [  00143, -00062,  00253 ], Tmp [  04528 ]
RAW. Acc [ -10352,  01696,  12520 ], Gyr [  06414, -02711, -17367 ], Mag [  00093, -00082,  00263 ], Tmp [  04496 ]
RAW. Acc [ -09200,  01496,  13264 ], Gyr [  08545, -03092, -16981 ], Mag [  00039, -00051,  00295 ], Tmp [  04480 ]
RAW. Acc [ -07824, -00440,  14200 ], Gyr [  05880, -03410, -11251 ], Mag [ -00012,  00010,  00300 ], Tmp [  04480 ]
RAW. Acc [ -06784, -00416,  15000 ], Gyr [  05785, -01177, -07772 ], Mag [ -00042,  00060,  00291 ], Tmp [  04400 ]
RAW. Acc [ -06376,  02672,  15440 ], Gyr [  12965,  01139, -05052 ], Mag [ -00019,  00135,  00266 ], Tmp [  04480 ]
RAW. Acc [ -07680,  05040,  14872 ], Gyr [  17019,  05749, -09320 ], Mag [  00013,  00213,  00221 ], Tmp [  04432 ]
RAW. Acc [ -10408,  03552,  11672 ], Gyr [ -01135,  08855,  00603 ], Mag [  00058,  00233,  00191 ], Tmp [  04528 ]
RAW. Acc [ -14512,  10448,  04392 ], Gyr [  01811,  12376, -02241 ], Mag [  00099,  00247,  00168 ], Tmp [  04432 ]
RAW. Acc [ -15392,  07008,  00608 ], Gyr [  03769,  11168, -04087 ], Mag [  00138,  00249,  00119 ], Tmp [  04400 ]
RAW. Acc [ -15696,  01712, -05248 ], Gyr [ -00112,  11484, -04824 ], Mag [  00177,  00221,  00090 ], Tmp [  04480 ]
RAW. Acc [ -14232,  01232, -09288 ], Gyr [ -03060,  11327, -04375 ], Mag [  00197,  00208,  00056 ], Tmp [  04528 ]
RAW. Acc [ -10224,  02968, -11632 ], Gyr [ -00644,  10358, -06155 ], Mag [  00220,  00179,  00002 ], Tmp [  04528 ]
RAW. Acc [ -06824,  00720, -14984 ], Gyr [  03645,  08463, -07237 ], Mag [  00220,  00161, -00041 ], Tmp [  04496 ]
RAW. Acc [ -01712,  01136, -16448 ], Gyr [ -05528,  13954, -08560 ], Mag [  00196,  00135, -00077 ], Tmp [  04432 ]
RAW. Acc [  05504,  05064, -14752 ], Gyr [ -12363,  13872, -08460 ], Mag [  00165,  00134, -00122 ], Tmp [  04464 ]
RAW. Acc [  09048,  17400, -14200 ], Gyr [ -12213,  02727, -08929 ], Mag [  00131,  00180, -00112 ], Tmp [  04432 ]
RAW. Acc [  03648,  13984, -10232 ], Gyr [ -11674,  02355, -04721 ], Mag [  00106,  00219, -00064 ], Tmp [  04528 ]
RAW. Acc [  06296,  16496, -00520 ], Gyr [ -07739, -06887, -02746 ], Mag [  00148,  00237,  00013 ], Tmp [  04528 ]
RAW. Acc [  06936,  13440,  07864 ], Gyr [ -17290, -09237,  00326 ], Mag [  00164,  00230,  00118 ], Tmp [  04432 ]
RAW. Acc [  03488,  13224,  05776 ], Gyr [ -08289, -06816, -05161 ], Mag [  00132,  00202,  00208 ], Tmp [  04496 ]
RAW. Acc [  04496,  11104,  09936 ], Gyr [ -03951, -04366, -01395 ], Mag [  00120,  00153,  00251 ], Tmp [  04480 ]
RAW. Acc [  08216,  08536,  12392 ], Gyr [ -04863, -06368,  02820 ], Mag [  00089,  00121,  00274 ], Tmp [  04496 ]
RAW. Acc [  10360,  06064,  10152 ], Gyr [ -01824, -04998,  04463 ], Mag [  00053,  00115,  00285 ], Tmp [  04480 ]
RAW. Acc [  11520,  07808,  07840 ], Gyr [  05426, -04817,  04885 ], Mag [  00015,  00129,  00291 ], Tmp [  04432 ]
RAW. Acc [  14152,  07440,  05288 ], Gyr [  08777, -05985,  01945 ], Mag [ -00026,  00156,  00263 ], Tmp [  04528 ]
RAW. Acc [  13752,  07288,  02392 ], Gyr [  06719, -03275, -02215 ], Mag [ -00049,  00194,  00222 ], Tmp [  04496 ]
RAW. Acc [  14408,  08216, -00824 ], Gyr [  06954, -04238,  01186 ], Mag [ -00056,  00230,  00184 ], Tmp [  04480 ]
RAW. Acc [  12112,  08144, -03656 ], Gyr [  06629, -01128, -04898 ], Mag [ -00056,  00243,  00140 ], Tmp [  04496 ]
RAW. Acc [  11472,  07632, -04616 ], Gyr [  10435, -04306, -01846 ], Mag [ -00047,  00267,  00098 ], Tmp [  04432 ]
RAW. Acc [  12152,  08136, -08440 ], Gyr [  17377, -00153, -05576 ], Mag [ -00036,  00263,  00038 ], Tmp [  04528 ]
RAW. Acc [  07456,  08776, -12072 ], Gyr [  03730, -08139, -04665 ], Mag [  00004,  00269, -00019 ], Tmp [  04464 ]
RAW. Acc [  06016,  05760, -14088 ], Gyr [  13545, -07418, -11152 ], Mag [  00077,  00231, -00081 ], Tmp [  04576 ]
RAW. Acc [  01656, -01328, -15552 ], Gyr [  18335, -15526, -11505 ], Mag [  00172,  00126, -00119 ], Tmp [  04464 ]
RAW. Acc [ -04160, -05928, -14248 ], Gyr [  08797, -17482, -10585 ], Mag [  00209,  00042, -00098 ], Tmp [  04432 ]
RAW. Acc [ -05856, -09296, -11232 ], Gyr [  03622, -11094, -05867 ], Mag [  00251, -00008, -00010 ], Tmp [  04528 ]
RAW. Acc [ -09528, -10120, -08200 ], Gyr [  01327, -09212,  00510 ], Mag [  00248, -00039,  00069 ], Tmp [  04528 ]
RAW. Acc [ -11952, -12304, -03488 ], Gyr [  00992, -09012,  11474 ], Mag [  00242, -00043,  00147 ], Tmp [  04544 ]
RAW. Acc [ -14112, -08288, -00328 ], Gyr [  00812, -12407,  03700 ], Mag [  00213, -00005,  00222 ], Tmp [  04576 ]
RAW. Acc [ -14840, -06368,  05080 ], Gyr [  00230, -11696,  03891 ], Mag [  00155,  00024,  00270 ], Tmp [  04464 ]
RAW. Acc [ -12296, -03680,  08944 ], Gyr [  01578, -09693,  08008 ], Mag [  00096,  00055,  00291 ], Tmp [  04496 ]
RAW. Acc [ -11544, -00632,  11928 ], Gyr [  01597, -07397,  04720 ], Mag [  00042,  00070,  00303 ], Tmp [  04576 ]
RAW. Acc [ -11144,  02680,  12664 ], Gyr [  05782,  02742,  08386 ], Mag [  00020,  00103,  00303 ], Tmp [  04496 ]
RAW. Acc [ -10168,  08408,  10240 ], Gyr [  07723,  04077,  14518 ], Mag [  00001,  00144,  00279 ], Tmp [  04480 ]
RAW. Acc [ -04264,  13904,  07408 ], Gyr [  08576, -00256,  20947 ], Mag [ -00025,  00165,  00253 ], Tmp [  04496 ]
RAW. Acc [  05232,  13328,  03968 ], Gyr [ -05673, -19452,  15536 ], Mag [ -00111,  00131,  00219 ], Tmp [  04496 ]
RAW. Acc [  10584,  11816, -00360 ], Gyr [  09333, -05276,  05469 ], Mag [ -00172,  00088,  00158 ], Tmp [  04528 ]
RAW. Acc [  11560,  11368, -04456 ], Gyr [  08347, -07471,  05858 ], Mag [ -00187,  00085,  00112 ], Tmp [  04576 ]
RAW. Acc [  10416,  09616, -08136 ], Gyr [  10173, -06480,  00906 ], Mag [ -00202,  00108,  00083 ], Tmp [  04464 ]
RAW. Acc [  07368,  05296, -11600 ], Gyr [  04997, -05679, -04120 ], Mag [ -00190,  00111,  00025 ], Tmp [  04528 ]
RAW. Acc [  08336,  06976, -13056 ], Gyr [  03555, -01881, -01859 ], Mag [ -00183,  00102, -00000 ], Tmp [  04528 ]
RAW. Acc [  06424,  05600, -13896 ], Gyr [  03632, -01345, -06078 ], Mag [ -00169,  00130, -00026 ], Tmp [  04496 ]
RAW. Acc [  03088,  04640, -14784 ], Gyr [  02322, -02054, -03892 ], Mag [ -00145,  00162, -00030 ], Tmp [  04576 ]
RAW. Acc [  01560,  05168, -15296 ], Gyr [  00174, -02140, -05000 ], Mag [ -00118,  00175, -00056 ], Tmp [  04416 ]
RAW. Acc [  00680,  03584, -15648 ], Gyr [  03010, -00029, -02724 ], Mag [ -00103,  00176, -00079 ], Tmp [  04576 ]
RAW. Acc [ -00208,  04032, -15784 ], Gyr [  00495, -01791, -02700 ], Mag [ -00095,  00169, -00084 ], Tmp [  04576 ]
RAW. Acc [ -01080,  02616, -15752 ], Gyr [ -00172, -03253, -00770 ], Mag [ -00078,  00171, -00106 ], Tmp [  04544 ]
RAW. Acc [ -02712,  03360, -16384 ], Gyr [  04170, -00028,  00739 ], Mag [ -00072,  00183, -00115 ], Tmp [  04544 ]
RAW. Acc [ -03368,  03576, -15264 ], Gyr [ -07871, -07076, -03685 ], Mag [ -00046,  00187, -00104 ], Tmp [  04464 ]
RAW. Acc [ -05248,  04248, -14984 ], Gyr [ -02217, -04443, -02190 ], Mag [ -00019,  00202, -00104 ], Tmp [  04528 ]
RAW. Acc [ -06768,  03992, -13736 ], Gyr [ -00386,  00818, -03878 ], Mag [  00009,  00225, -00089 ], Tmp [  04528 ]
RAW. Acc [ -07360,  04816, -14200 ], Gyr [ -01780,  03286, -02443 ], Mag [  00024,  00235, -00079 ], Tmp [  04592 ]
RAW. Acc [ -08632,  05472, -12584 ], Gyr [ -07042, -01315, -06786 ], Mag [  00044,  00253, -00067 ], Tmp [  04528 ]
RAW. Acc [ -08608,  05992, -11600 ], Gyr [ -04147, -01150, -08054 ], Mag [  00090,  00261, -00007 ], Tmp [  04480 ]
RAW. Acc [ -10216,  04488, -11432 ], Gyr [ -03332,  01443, -08209 ], Mag [  00131,  00252,  00001 ], Tmp [  04528 ]
RAW. Acc [ -11888,  03840, -09600 ], Gyr [ -10327, -00889, -17195 ], Mag [  00195,  00216,  00064 ], Tmp [  04576 ]
RAW. Acc [ -14144,  01008, -07712 ], Gyr [ -09255,  00865, -10262 ], Mag [  00257,  00133,  00092 ], Tmp [  04576 ]
RAW. Acc [ -14128, -02632, -07440 ], Gyr [ -07312, -03874, -10846 ], Mag [  00260,  00041,  00123 ], Tmp [  04576 ]
RAW. Acc [ -13896, -03512, -06744 ], Gyr [ -14546, -02221, -10823 ], Mag [  00237, -00043,  00138 ], Tmp [  04528 ]
RAW. Acc [ -13088, -04952, -08512 ], Gyr [ -10146, -01200, -09417 ], Mag [  00201, -00128,  00108 ], Tmp [  04496 ]
RAW. Acc [ -12296, -06256, -08704 ], Gyr [ -08931, -01307, -06221 ], Mag [  00165, -00170,  00069 ], Tmp [  04608 ]
RAW. Acc [ -11976, -05200, -10320 ], Gyr [ -05826,  01710, -02284 ], Mag [  00137, -00174,  00026 ], Tmp [  04608 ]
Done collecting